{"C:\\Users\\Liviu\\Career\\Articles\\Webpack sanbox\\Webpack-sandbox\\weback-with-react-next\\src\\app\\UnitTest.jsx": {"path":"C:\\Users\\Liviu\\Career\\Articles\\Webpack sanbox\\Webpack-sandbox\\weback-with-react-next\\src\\app\\UnitTest.jsx","statementMap":{"0":{"start":{"line":3,"column":4},"end":{"line":3,"column":17}}},"fnMap":{"0":{"name":"sum","decl":{"start":{"line":2,"column":16},"end":{"line":2,"column":19}},"loc":{"start":{"line":2,"column":26},"end":{"line":4,"column":3}},"line":2}},"branchMap":{},"s":{"0":1},"f":{"0":1},"b":{},"_coverageSchema":"1a1c01bbd47fc00a2c39e90264f33305004495a9","hash":"e8d723790cb0052ff2ca627e2db533e1e7369387"}
}
